This file contains any messages produced by compilers while
running configure, to aid debugging if configure makes a mistake.

It was created by MEDICI configure 0.1.9, which was
generated by GNU Autoconf 2.53.  Invocation command line was

  $ ./configure 

## --------- ##
## Platform. ##
## --------- ##

hostname = localhost.ev.org
uname -m = i686
uname -r = 2.6.23.15-80.fc7
uname -s = Linux
uname -v = #1 SMP Sun Feb 10 17:29:10 EST 2008

/usr/bin/uname -p = unknown
/bin/uname -X     = unknown

/bin/arch              = i686
/usr/bin/arch -k       = unknown
/usr/convex/getsysinfo = unknown
hostinfo               = unknown
/bin/machine           = unknown
/usr/bin/oslevel       = unknown
/bin/universe          = unknown

PATH: /opt/jdk1.6.0_02/bin
PATH: /usr/lib/qt-3.3/bin
PATH: /usr/kerberos/bin
PATH: /opt/jdk1.6.0_02/bin
PATH: /usr/lib/ccache
PATH: /usr/local/bin
PATH: /usr/bin
PATH: /bin
PATH: /home/ergun/bin


## ----------- ##
## Core tests. ##
## ----------- ##

configure:1245: checking for gcc
configure:1261: found /usr/lib/ccache/gcc
configure:1271: result: gcc
configure:1515: checking for C compiler version
configure:1518: gcc --version </dev/null >&5
gcc (GCC) 4.1.2 20070925 (Red Hat 4.1.2-27)
Copyright (C) 2006 Free Software Foundation, Inc.
This is free software; see the source for copying conditions.  There is NO
warranty; not even for MERCHANTABILITY or FITNESS FOR A PARTICULAR PURPOSE.

configure:1521: $? = 0
configure:1523: gcc -v </dev/null >&5
Using built-in specs.
Target: i386-redhat-linux
Configured with: ../configure --prefix=/usr --mandir=/usr/share/man --infodir=/usr/share/info --enable-shared --enable-threads=posix --enable-checking=release --with-system-zlib --enable-__cxa_atexit --disable-libunwind-exceptions --enable-languages=c,c++,objc,obj-c++,java,fortran,ada --enable-java-awt=gtk --disable-dssi --enable-plugin --with-java-home=/usr/lib/jvm/java-1.5.0-gcj-1.5.0.0/jre --enable-libgcj-multifile --enable-java-maintainer-mode --with-ecj-jar=/usr/share/java/eclipse-ecj.jar --with-cpu=generic --host=i386-redhat-linux
Thread model: posix
gcc version 4.1.2 20070925 (Red Hat 4.1.2-27)
configure:1526: $? = 0
configure:1528: gcc -V </dev/null >&5
gcc: '-V' option must have argument
configure:1531: $? = 1
configure:1557: checking for C compiler default output
configure:1560: gcc    conftest.c  >&5
configure:1563: $? = 0
configure:1596: result: a.out
configure:1601: checking whether the C compiler works
configure:1607: ./a.out
configure:1610: $? = 0
configure:1625: result: yes
configure:1632: checking whether we are cross compiling
configure:1634: result: no
configure:1637: checking for suffix of executables
configure:1639: gcc -o conftest    conftest.c  >&5
configure:1642: $? = 0
configure:1664: result: 
configure:1670: checking for suffix of object files
configure:1694: gcc -c   conftest.c >&5
configure:1697: $? = 0
configure:1716: result: o
configure:1720: checking whether we are using the GNU C compiler
configure:1747: gcc -c   conftest.c >&5
configure:1750: $? = 0
configure:1753: test -s conftest.o
configure:1756: $? = 0
configure:1768: result: yes
configure:1774: checking whether gcc accepts -g
configure:1798: gcc -c -g  conftest.c >&5
configure:1801: $? = 0
configure:1804: test -s conftest.o
configure:1807: $? = 0
configure:1817: result: yes
configure:1844: gcc -c -g -O2  conftest.c >&5
conftest.c:2: error: expected '=', ',', ';', 'asm' or '__attribute__' before 'me'
configure:1847: $? = 1
configure: failed program was:
#ifndef __cplusplus
  choke me
#endif
configure:1957: checking whether make sets ${MAKE}
configure:1977: result: yes
configure:2027: checking for ranlib
configure:2043: found /usr/bin/ranlib
configure:2054: result: ranlib
configure:2071: checking for XML_ExpatVersion in -lexpat
configure:2104: gcc -o conftest -g -O2   conftest.c -lexpat   >&5
configure:2107: $? = 0
configure:2110: test -s conftest
configure:2113: $? = 0
configure:2124: result: yes
configure:2145: checking how to run the C preprocessor
configure:2171: gcc -E  conftest.c
configure:2177: $? = 0
configure:2204: gcc -E  conftest.c
configure:2200:28: error: ac_nonexistent.h: No such file or directory
configure:2210: $? = 1
configure: failed program was:
#line 2199 "configure"
#include "confdefs.h"
#include <ac_nonexistent.h>
configure:2247: result: gcc -E
configure:2262: gcc -E  conftest.c
configure:2268: $? = 0
configure:2295: gcc -E  conftest.c
configure:2291:28: error: ac_nonexistent.h: No such file or directory
configure:2301: $? = 1
configure: failed program was:
#line 2290 "configure"
#include "confdefs.h"
#include <ac_nonexistent.h>
configure:2341: checking for ANSI C header files
configure:2355: gcc -E  conftest.c
configure:2361: $? = 0
configure:2448: gcc -o conftest -g -O2   conftest.c -lexpat  >&5
configure: In function 'main':
configure:2439: warning: incompatible implicit declaration of built-in function 'exit'
configure:2451: $? = 0
configure:2453: ./conftest
configure:2456: $? = 0
configure:2470: result: yes
configure:2494: checking for sys/types.h
configure:2507: gcc -c -g -O2  conftest.c >&5
configure:2510: $? = 0
configure:2513: test -s conftest.o
configure:2516: $? = 0
configure:2526: result: yes
configure:2494: checking for sys/stat.h
configure:2507: gcc -c -g -O2  conftest.c >&5
configure:2510: $? = 0
configure:2513: test -s conftest.o
configure:2516: $? = 0
configure:2526: result: yes
configure:2494: checking for stdlib.h
configure:2507: gcc -c -g -O2  conftest.c >&5
configure:2510: $? = 0
configure:2513: test -s conftest.o
configure:2516: $? = 0
configure:2526: result: yes
configure:2494: checking for string.h
configure:2507: gcc -c -g -O2  conftest.c >&5
configure:2510: $? = 0
configure:2513: test -s conftest.o
configure:2516: $? = 0
configure:2526: result: yes
configure:2494: checking for memory.h
configure:2507: gcc -c -g -O2  conftest.c >&5
configure:2510: $? = 0
configure:2513: test -s conftest.o
configure:2516: $? = 0
configure:2526: result: yes
configure:2494: checking for strings.h
configure:2507: gcc -c -g -O2  conftest.c >&5
configure:2510: $? = 0
configure:2513: test -s conftest.o
configure:2516: $? = 0
configure:2526: result: yes
configure:2494: checking for inttypes.h
configure:2507: gcc -c -g -O2  conftest.c >&5
configure:2510: $? = 0
configure:2513: test -s conftest.o
configure:2516: $? = 0
configure:2526: result: yes
configure:2494: checking for stdint.h
configure:2507: gcc -c -g -O2  conftest.c >&5
configure:2510: $? = 0
configure:2513: test -s conftest.o
configure:2516: $? = 0
configure:2526: result: yes
configure:2494: checking for unistd.h
configure:2507: gcc -c -g -O2  conftest.c >&5
configure:2510: $? = 0
configure:2513: test -s conftest.o
configure:2516: $? = 0
configure:2526: result: yes
configure:2545: checking for stdlib.h
configure:2550: result: yes
configure:2545: checking for string.h
configure:2550: result: yes
configure:2545: checking for unistd.h
configure:2550: result: yes
configure:2656: checking for gcc option to accept ANSI C
configure:2719: gcc  -c -g -O2  conftest.c >&5
configure:2722: $? = 0
configure:2725: test -s conftest.o
configure:2728: $? = 0
configure:2745: result: none needed
configure:2753: checking for an ANSI C-conforming const
configure:2823: gcc -c -g -O2  conftest.c >&5
configure:2826: $? = 0
configure:2829: test -s conftest.o
configure:2832: $? = 0
configure:2842: result: yes
configure:2852: checking for size_t
configure:2879: gcc -c -g -O2  conftest.c >&5
configure:2882: $? = 0
configure:2885: test -s conftest.o
configure:2888: $? = 0
configure:2898: result: yes
configure:2917: checking for stdlib.h
configure:2922: result: yes
configure:3026: checking for working malloc
configure:3058: gcc -o conftest -g -O2   conftest.c -lexpat  >&5
configure:3061: $? = 0
configure:3063: ./conftest
configure:3066: $? = 0
configure:3079: result: yes
configure:3095: checking for memmove
configure:3138: gcc -o conftest -g -O2   conftest.c -lexpat  >&5
configure:3110: warning: conflicting types for built-in function 'memmove'
configure:3141: $? = 0
configure:3144: test -s conftest
configure:3147: $? = 0
configure:3157: result: yes
configure:3095: checking for memset
configure:3138: gcc -o conftest -g -O2   conftest.c -lexpat  >&5
configure:3110: warning: conflicting types for built-in function 'memset'
configure:3141: $? = 0
configure:3144: test -s conftest
configure:3147: $? = 0
configure:3157: result: yes
configure:3095: checking for strdup
configure:3138: gcc -o conftest -g -O2   conftest.c -lexpat  >&5
configure:3110: warning: conflicting types for built-in function 'strdup'
configure:3141: $? = 0
configure:3144: test -s conftest
configure:3147: $? = 0
configure:3157: result: yes
configure:3250: creating ./config.status

## ---------------------- ##
## Running config.status. ##
## ---------------------- ##

This file was extended by MEDICI config.status 0.1.9, which was
generated by GNU Autoconf 2.53.  Invocation command line was

  CONFIG_FILES    = 
  CONFIG_HEADERS  = 
  CONFIG_LINKS    = 
  CONFIG_COMMANDS = 
  $ ./config.status 

on localhost.ev.org

config.status:564: creating Makefile
config.status:564: creating doc/Makefile
config.status:564: creating examples/Makefile
config.status:564: creating src/Makefile
config.status:667: creating config.h

## ---------------- ##
## Cache variables. ##
## ---------------- ##

ac_cv_c_compiler_gnu=yes
ac_cv_c_const=yes
ac_cv_env_CC_set=
ac_cv_env_CC_value=
ac_cv_env_CFLAGS_set=
ac_cv_env_CFLAGS_value=
ac_cv_env_CPPFLAGS_set=
ac_cv_env_CPPFLAGS_value=
ac_cv_env_CPP_set=
ac_cv_env_CPP_value=
ac_cv_env_LDFLAGS_set=
ac_cv_env_LDFLAGS_value=
ac_cv_env_build_alias_set=
ac_cv_env_build_alias_value=
ac_cv_env_host_alias_set=
ac_cv_env_host_alias_value=
ac_cv_env_target_alias_set=
ac_cv_env_target_alias_value=
ac_cv_exeext=
ac_cv_func_malloc_works=yes
ac_cv_func_memmove=yes
ac_cv_func_memset=yes
ac_cv_func_strdup=yes
ac_cv_header_inttypes_h=yes
ac_cv_header_memory_h=yes
ac_cv_header_stdc=yes
ac_cv_header_stdint_h=yes
ac_cv_header_stdlib_h=yes
ac_cv_header_string_h=yes
ac_cv_header_strings_h=yes
ac_cv_header_sys_stat_h=yes
ac_cv_header_sys_types_h=yes
ac_cv_header_unistd_h=yes
ac_cv_lib_expat_XML_ExpatVersion=yes
ac_cv_objext=o
ac_cv_prog_CPP='gcc -E'
ac_cv_prog_ac_ct_CC=gcc
ac_cv_prog_ac_ct_RANLIB=ranlib
ac_cv_prog_cc_g=yes
ac_cv_prog_cc_stdc=
ac_cv_prog_make_make_set=yes
ac_cv_type_size_t=yes

## ----------- ##
## confdefs.h. ##
## ----------- ##

#define PACKAGE_NAME "MEDICI"
#define PACKAGE_TARNAME "medici"
#define PACKAGE_VERSION "0.1.9"
#define PACKAGE_STRING "MEDICI 0.1.9"
#define PACKAGE_BUGREPORT "david@disintegration.org"
#define HAVE_LIBEXPAT 1
#define STDC_HEADERS 1
#define HAVE_SYS_TYPES_H 1
#define HAVE_SYS_STAT_H 1
#define HAVE_STDLIB_H 1
#define HAVE_STRING_H 1
#define HAVE_MEMORY_H 1
#define HAVE_STRINGS_H 1
#define HAVE_INTTYPES_H 1
#define HAVE_STDINT_H 1
#define HAVE_UNISTD_H 1
#define HAVE_STDLIB_H 1
#define HAVE_STRING_H 1
#define HAVE_UNISTD_H 1
#define HAVE_STDLIB_H 1
#define HAVE_MALLOC 1
#define HAVE_MEMMOVE 1
#define HAVE_MEMSET 1
#define HAVE_STRDUP 1

configure: exit 0
